0 info it worked if it ends with ok
1 verbose cli [ 'node', '/usr/local/bin/npm', 'install', 'grunt-svgstore', '-g' ]
2 info using npm@1.4.28
3 info using node@v0.10.33
4 verbose cache add [ 'grunt-svgstore', null ]
5 verbose cache add name=undefined spec="grunt-svgstore" args=["grunt-svgstore",null]
6 verbose parsed url { protocol: null,
6 verbose parsed url   slashes: null,
6 verbose parsed url   auth: null,
6 verbose parsed url   host: null,
6 verbose parsed url   port: null,
6 verbose parsed url   hostname: null,
6 verbose parsed url   hash: null,
6 verbose parsed url   search: null,
6 verbose parsed url   query: null,
6 verbose parsed url   pathname: 'grunt-svgstore',
6 verbose parsed url   path: 'grunt-svgstore',
6 verbose parsed url   href: 'grunt-svgstore' }
7 silly lockFile a4821ee5-grunt-svgstore grunt-svgstore
8 verbose lock grunt-svgstore /Users/geertplaisier/.npm/a4821ee5-grunt-svgstore.lock
9 silly lockFile a4821ee5-grunt-svgstore grunt-svgstore
10 silly lockFile a4821ee5-grunt-svgstore grunt-svgstore
11 verbose addNamed [ 'grunt-svgstore', '' ]
12 verbose addNamed [ null, '*' ]
13 silly lockFile 5be9491c-grunt-svgstore grunt-svgstore@
14 verbose lock grunt-svgstore@ /Users/geertplaisier/.npm/5be9491c-grunt-svgstore.lock
15 silly addNameRange { name: 'grunt-svgstore', range: '*', hasData: false }
16 verbose request where is /grunt-svgstore
17 verbose request registry https://registry.npmjs.org/
18 verbose request id 8312ec3ea5d03f13
19 verbose url raw /grunt-svgstore
20 verbose url resolving [ 'https://registry.npmjs.org/', './grunt-svgstore' ]
21 verbose url resolved https://registry.npmjs.org/grunt-svgstore
22 verbose request where is https://registry.npmjs.org/grunt-svgstore
23 info trying registry request attempt 1 at 17:56:03
24 http GET https://registry.npmjs.org/grunt-svgstore
25 http 200 https://registry.npmjs.org/grunt-svgstore
26 silly registry.get cb [ 200,
26 silly registry.get   { date: 'Thu, 05 Feb 2015 16:56:03 GMT',
26 silly registry.get     server: 'CouchDB/1.5.0 (Erlang OTP/R16B03)',
26 silly registry.get     etag: '"EA1QP40M7VK71QOPHYSYAAV24"',
26 silly registry.get     'content-type': 'application/json',
26 silly registry.get     'cache-control': 'max-age=60',
26 silly registry.get     'content-length': '44099',
26 silly registry.get     'accept-ranges': 'bytes',
26 silly registry.get     via: '1.1 varnish',
26 silly registry.get     age: '0',
26 silly registry.get     'x-served-by': 'cache-ams4123-AMS',
26 silly registry.get     'x-cache': 'HIT',
26 silly registry.get     'x-cache-hits': '1',
26 silly registry.get     'x-timer': 'S1423155363.484100,VS0,VE402',
26 silly registry.get     vary: 'Accept',
26 silly registry.get     'keep-alive': 'timeout=10, max=50',
26 silly registry.get     connection: 'Keep-Alive' } ]
27 silly addNameRange number 2 { name: 'grunt-svgstore', range: '*', hasData: true }
28 silly addNameRange versions [ 'grunt-svgstore',
28 silly addNameRange   [ '0.0.1',
28 silly addNameRange     '0.0.2',
28 silly addNameRange     '0.0.3',
28 silly addNameRange     '0.0.4',
28 silly addNameRange     '0.1.0',
28 silly addNameRange     '0.2.0',
28 silly addNameRange     '0.2.1',
28 silly addNameRange     '0.2.2',
28 silly addNameRange     '0.2.3',
28 silly addNameRange     '0.2.4',
28 silly addNameRange     '0.2.5',
28 silly addNameRange     '0.2.6',
28 silly addNameRange     '0.2.7',
28 silly addNameRange     '0.3.0',
28 silly addNameRange     '0.3.1',
28 silly addNameRange     '0.3.2',
28 silly addNameRange     '0.3.3',
28 silly addNameRange     '0.3.4',
28 silly addNameRange     '0.3.5',
28 silly addNameRange     '0.3.6',
28 silly addNameRange     '0.4.0',
28 silly addNameRange     '0.4.1',
28 silly addNameRange     '0.5.0' ] ]
29 verbose addNamed [ 'grunt-svgstore', '0.5.0' ]
30 verbose addNamed [ '0.5.0', '0.5.0' ]
31 silly lockFile 11463051-grunt-svgstore-0-5-0 grunt-svgstore@0.5.0
32 verbose lock grunt-svgstore@0.5.0 /Users/geertplaisier/.npm/11463051-grunt-svgstore-0-5-0.lock
33 silly lockFile 7a7966fe-vgstore-grunt-svgstore-0-5-0-tgz https://registry.npmjs.org/grunt-svgstore/-/grunt-svgstore-0.5.0.tgz
34 verbose lock https://registry.npmjs.org/grunt-svgstore/-/grunt-svgstore-0.5.0.tgz /Users/geertplaisier/.npm/7a7966fe-vgstore-grunt-svgstore-0-5-0-tgz.lock
35 verbose addRemoteTarball [ 'https://registry.npmjs.org/grunt-svgstore/-/grunt-svgstore-0.5.0.tgz',
35 verbose addRemoteTarball   'd439cbfe802b9eeb5398dd2515780e47420e8dee' ]
36 info retry fetch attempt 1 at 17:56:03
37 verbose fetch to= /var/folders/73/d69364n54v1263kk85dkg8lw0000gn/T/npm-11309-13DW2nqN/registry.npmjs.org/grunt-svgstore/-/grunt-svgstore-0.5.0.tgz
38 http GET https://registry.npmjs.org/grunt-svgstore/-/grunt-svgstore-0.5.0.tgz
39 http 200 https://registry.npmjs.org/grunt-svgstore/-/grunt-svgstore-0.5.0.tgz
40 silly lockFile 7a7966fe-vgstore-grunt-svgstore-0-5-0-tgz https://registry.npmjs.org/grunt-svgstore/-/grunt-svgstore-0.5.0.tgz
41 silly lockFile 7a7966fe-vgstore-grunt-svgstore-0-5-0-tgz https://registry.npmjs.org/grunt-svgstore/-/grunt-svgstore-0.5.0.tgz
42 silly lockFile 11463051-grunt-svgstore-0-5-0 grunt-svgstore@0.5.0
43 silly lockFile 11463051-grunt-svgstore-0-5-0 grunt-svgstore@0.5.0
44 silly lockFile 5be9491c-grunt-svgstore grunt-svgstore@
45 silly lockFile 5be9491c-grunt-svgstore grunt-svgstore@
46 silly resolved [ { name: 'grunt-svgstore',
46 silly resolved     description: 'Merge SVGs from a folder.',
46 silly resolved     version: '0.5.0',
46 silly resolved     homepage: 'https://github.com/FWeinb/grunt-svgstore',
46 silly resolved     author: { name: 'Fabrice Weinberg', email: 'Fabrice@weinberg.me' },
46 silly resolved     repository:
46 silly resolved      { type: 'git',
46 silly resolved        url: 'git://github.com/FWeinb/grunt-svgstore.git' },
46 silly resolved     bugs: { url: 'https://github.com/FWeinb/grunt-svgstore/issues' },
46 silly resolved     licenses: [ [Object] ],
46 silly resolved     engines: { node: '>= 0.8.0' },
46 silly resolved     scripts: { test: 'grunt test' },
46 silly resolved     devDependencies:
46 silly resolved      { grunt: '~0.4.5',
46 silly resolved        'html-minifier': '~0.6.8',
46 silly resolved        'grunt-contrib-clean': '~0.5.0',
46 silly resolved        'grunt-contrib-jshint': '~0.10.0',
46 silly resolved        'grunt-contrib-nodeunit': '~0.4.0' },
46 silly resolved     dependencies:
46 silly resolved      { chalk: '^0.4.0',
46 silly resolved        cheerio: '^0.18.0',
46 silly resolved        'js-beautify': '^1.5.1',
46 silly resolved        multiline: '^0.3.4',
46 silly resolved        handlebars: '^2.0.0' },
46 silly resolved     peerDependencies: { grunt: '~0.4.5' },
46 silly resolved     keywords: [ 'svg', 'icon', 'sprite', 'gruntplugin' ],
46 silly resolved     gitHead: 'ae5047b6149783ee067b520cfa88e50719179ed2',
46 silly resolved     _id: 'grunt-svgstore@0.5.0',
46 silly resolved     _shasum: 'd439cbfe802b9eeb5398dd2515780e47420e8dee',
46 silly resolved     _from: 'grunt-svgstore@',
46 silly resolved     _npmVersion: '2.1.9',
46 silly resolved     _nodeVersion: '0.10.26',
46 silly resolved     _npmUser: { name: 'fweinb', email: 'Fabrice@weinberg.me' },
46 silly resolved     maintainers: [ [Object] ],
46 silly resolved     dist:
46 silly resolved      { shasum: 'd439cbfe802b9eeb5398dd2515780e47420e8dee',
46 silly resolved        tarball: 'http://registry.npmjs.org/grunt-svgstore/-/grunt-svgstore-0.5.0.tgz' },
46 silly resolved     directories: {},
46 silly resolved     _resolved: 'https://registry.npmjs.org/grunt-svgstore/-/grunt-svgstore-0.5.0.tgz' } ]
47 info install grunt-svgstore@0.5.0 into /usr/local/lib
48 info installOne grunt-svgstore@0.5.0
49 verbose lib/node_modules/grunt-svgstore unbuild
50 verbose tar unpack /Users/geertplaisier/.npm/grunt-svgstore/0.5.0/package.tgz
51 silly lockFile ac4ef4e8--lib-node-modules-grunt-svgstore tar:///usr/local/lib/node_modules/grunt-svgstore
52 verbose lock tar:///usr/local/lib/node_modules/grunt-svgstore /Users/geertplaisier/.npm/ac4ef4e8--lib-node-modules-grunt-svgstore.lock
53 silly lockFile bad14b55-grunt-svgstore-0-5-0-package-tgz tar:///Users/geertplaisier/.npm/grunt-svgstore/0.5.0/package.tgz
54 verbose lock tar:///Users/geertplaisier/.npm/grunt-svgstore/0.5.0/package.tgz /Users/geertplaisier/.npm/bad14b55-grunt-svgstore-0-5-0-package-tgz.lock
55 silly gunzTarPerm modes [ '755', '644' ]
56 error Error: EACCES, mkdir '/usr/local/lib/node_modules/grunt-svgstore'
56 error  { [Error: EACCES, mkdir '/usr/local/lib/node_modules/grunt-svgstore']
56 error   errno: 3,
56 error   code: 'EACCES',
56 error   path: '/usr/local/lib/node_modules/grunt-svgstore',
56 error   fstream_type: 'Directory',
56 error   fstream_path: '/usr/local/lib/node_modules/grunt-svgstore',
56 error   fstream_class: 'DirWriter',
56 error   fstream_stack:
56 error    [ '/usr/local/lib/node_modules/npm/node_modules/fstream/lib/dir-writer.js:36:23',
56 error      '/usr/local/lib/node_modules/npm/node_modules/mkdirp/index.js:46:53',
56 error      'Object.oncomplete (fs.js:107:15)' ] }
57 error Please try running this command again as root/Administrator.
58 error System Darwin 14.0.0
59 error command "node" "/usr/local/bin/npm" "install" "grunt-svgstore" "-g"
60 error cwd /Users/geertplaisier/NetBeansProjects/B3Partners/gissuite_v42/B3pCatalog/web/styles/geobrabant
61 error node -v v0.10.33
62 error npm -v 1.4.28
63 error path /usr/local/lib/node_modules/grunt-svgstore
64 error fstream_path /usr/local/lib/node_modules/grunt-svgstore
65 error fstream_type Directory
66 error fstream_class DirWriter
67 error code EACCES
68 error errno 3
69 error stack Error: EACCES, mkdir '/usr/local/lib/node_modules/grunt-svgstore'
70 error fstream_stack /usr/local/lib/node_modules/npm/node_modules/fstream/lib/dir-writer.js:36:23
70 error fstream_stack /usr/local/lib/node_modules/npm/node_modules/mkdirp/index.js:46:53
70 error fstream_stack Object.oncomplete (fs.js:107:15)
71 verbose exit [ 3, true ]
